<?xml version="1.0" encoding="UTF-8"?>
<!-- Generated by org.testng.reporters.JUnitReportReporter -->
<testsuite hostname="DESKTOP-7UR4G8G" failures="0" tests="1" name="TestCaseClasses.ProductPagetest" time="41.886" errors="0" timestamp="2025-06-17T10:21:53 IST" skipped="0">
  <testcase classname="TestCaseClasses.ProductPagetest" name="checkProductText" time="41.886"/>
</testsuite> <!-- TestCaseClasses.ProductPagetest -->
