<?xml version="1.0" encoding="UTF-8"?>
<!-- Generated by org.testng.reporters.JUnitReportReporter -->
<testsuite hostname="DESKTOP-7UR4G8G" failures="0" tests="1" name="TestCaseClasses.ProductPagetest" time="29.893" errors="0" timestamp="2025-06-17T16:17:19 IST" skipped="0">
  <testcase classname="TestCaseClasses.ProductPagetest" name="checkProductText" time="29.893"/>
</testsuite> <!-- TestCaseClasses.ProductPagetest -->
